#
# A fatal error has been detected by the Java Runtime Environment:
#
#  EXCEPTION_ACCESS_VIOLATION (0xc0000005) at pc=0x00007ff9f4b0a9c9, pid=5464, tid=4836
#
# JRE version: Java(TM) SE Runtime Environment (17.0.2+8) (build 17.0.2+8-LTS-86)
# Java VM: Java HotSpot(TM) 64-Bit Server VM (17.0.2+8-LTS-86, mixed mode, sharing, tiered, compressed oops, compressed class ptrs, g1 gc, windows-amd64)
# Problematic frame:
# V  [jvm.dll+0x1ba9c9]
#
# No core dump will be written. Minidumps are not enabled by default on client versions of Windows
#
# If you would like to submit a bug report, please visit:
#   https://bugreport.java.com/bugreport/crash.jsp
#

---------------  S U M M A R Y ------------

Command Line: -javaagent:C:\Program Files\JetBrains\IntelliJ IDEA Community Edition 2023.3.4\lib\idea_rt.jar=57860:C:\Program Files\JetBrains\IntelliJ IDEA Community Edition 2023.3.4\bin -Dfile.encoding=UTF-8 com.project.idp.IdpApplication

Host: Intel(R) Core(TM) i5-7200U CPU @ 2.50GHz, 4 cores, 7G,  Windows 10 , 64 bit Build 19041 (10.0.19041.3636)
Time: Mon Mar 25 15:07:24 2024 India Standard Time elapsed time: 3.414631 seconds (0d 0h 0m 3s)

---------------  T H R E A D  ---------------

Current thread (0x000002d97549bed0):  JavaThread "C2 CompilerThread0" daemon [_thread_in_native, id=4836, stack(0x000000f42ef00000,0x000000f42f000000)]


Current CompileTask:
C2:   3414 2719       4       java.io.WinNTFileSystem::normalize (143 bytes)

Stack: [0x000000f42ef00000,0x000000f42f000000],  sp=0x000000f42effb870,  free space=1006k
Native frames: (J=compiled Java code, j=interpreted, Vv=VM code, C=native code)
V  [jvm.dll+0x1ba9c9]
V  [jvm.dll+0x1ba16f]
V  [jvm.dll+0x1b9c0b]
V  [jvm.dll+0x215de9]
V  [jvm.dll+0x2150b1]
V  [jvm.dll+0x1a1bbd]
V  [jvm.dll+0x224908]
V  [jvm.dll+0x222a6c]
V  [jvm.dll+0x7859bb]
V  [jvm.dll+0x77ff7a]
V  [jvm.dll+0x66fa35]
C  [ucrtbase.dll+0x21bb2]
C  [KERNEL32.DLL+0x17344]
C  [ntdll.dll+0x526b1]


siginfo: EXCEPTION_ACCESS_VIOLATION (0xc0000005), reading address 0x000002d9f79ba0d0


Register to memory mapping:

RIP=0x00007ff9f4b0a9c9 jvm.dll
RAX=0x0000000000000001 is an unknown value
RBX=0x000002d97943cbe8 points into unknown readable memory: 0x0000000000000000 | 00 00 00 00 00 00 00 00
RCX=0x000000f42effbec0 is pointing into the stack for thread: 0x000002d97549bed0
RDX=0x0000000020000000 is an unknown value
RSP=0x000000f42effb870 is pointing into the stack for thread: 0x000002d97549bed0
RBP=0x000000f42effb909 is pointing into the stack for thread: 0x000002d97549bed0
RSI=0x000000f42effbec0 is pointing into the stack for thread: 0x000002d97549bed0
RDI=0x000002d97943cbb0 points into unknown readable memory: 0x3e8d7e26b00d9e48 | 48 9e 0d b0 26 7e 8d 3e
R8 =0x000002d9779ba0d0 points into unknown readable memory: 0x0000000100000000 | 00 00 00 00 01 00 00 00
R9 =0x0000000000000004 is an unknown value
R10=0x0000000000000003 is an unknown value
R11=0x00000000000009be is an unknown value
R12=0x0000000000061760 is an unknown value
R13=0x000000f42effbec0 is pointing into the stack for thread: 0x000002d97549bed0
R14=0x0 is NULL
R15=0x000002d97943cbb0 points into unknown readable memory: 0x3e8d7e26b00d9e48 | 48 9e 0d b0 26 7e 8d 3e


Registers:
RAX=0x0000000000000001, RBX=0x000002d97943cbe8, RCX=0x000000f42effbec0, RDX=0x0000000020000000
RSP=0x000000f42effb870, RBP=0x000000f42effb909, RSI=0x000000f42effbec0, RDI=0x000002d97943cbb0
R8 =0x000002d9779ba0d0, R9 =0x0000000000000004, R10=0x0000000000000003, R11=0x00000000000009be
R12=0x0000000000061760, R13=0x000000f42effbec0, R14=0x0000000000000000, R15=0x000002d97943cbb0
RIP=0x00007ff9f4b0a9c9, EFLAGS=0x0000000000010202

Top of Stack: (sp=0x000000f42effb870)
0x000000f42effb870:   000002d979446278 000002d979446b30
0x000000f42effb880:   0000000000000000 000000010000012d
0x000000f42effb890:   0000000004144045 0000000000000000
0x000000f42effb8a0:   0000000000000000 0000000000000000
0x000000f42effb8b0:   0000000000000000 0000000000000000
0x000000f42effb8c0:   0000000000000b91 00007ff9f4cb4d04
0x000000f42effb8d0:   0000000000000000 0000000000000000
0x000000f42effb8e0:   0000000000000000 0000000000000000
0x000000f42effb8f0:   000002d9795b7520 00007ff9f4cb0227
0x000000f42effb900:   ffffffffffffffff 00000000000009bf
0x000000f42effb910:   0000000000000000 0000000000000000
0x000000f42effb920:   0000000000000000 00000003000009be
0x000000f42effb930:   0000000c0000000a 000002d9774994a0
0x000000f42effb940:   000002d9795b75d0 000002d9795b75c0
0x000000f42effb950:   0000000000000000 0000000000000003
0x000000f42effb960:   0000000000000000 00007ff9f4b0a16f 

Instructions: (pc=0x00007ff9f4b0a9c9)
0x00007ff9f4b0a8c9:   1f 84 00 00 00 00 00 49 8b 82 f0 00 00 00 49 63
0x00007ff9f4b0a8d9:   c9 44 8b 0c 88 44 89 04 88 45 3b c8 75 e9 48 63
0x00007ff9f4b0a8e9:   4a 28 45 8b c1 49 8b 82 08 01 00 00 44 89 0c 88
0x00007ff9f4b0a8f9:   49 8b 8a 08 01 00 00 4d 8b 9a f0 00 00 00 48 63
0x00007ff9f4b0a909:   43 28 4c 63 0c 81 4b 63 04 8b 41 3b c1 75 0a 45
0x00007ff9f4b0a919:   89 04 83 48 8b 5c 24 08 c3 8b d0 48 63 c8 41 8b
0x00007ff9f4b0a929:   04 8b 3b c2 75 f3 44 3b c8 74 22 0f 1f 40 00 0f
0x00007ff9f4b0a939:   1f 84 00 00 00 00 00 49 8b 8a f0 00 00 00 49 63
0x00007ff9f4b0a949:   d1 44 8b 0c 91 89 04 91 44 3b c8 75 ea 48 63 4b
0x00007ff9f4b0a959:   28 49 8b 82 08 01 00 00 48 8b 5c 24 08 44 89 0c
0x00007ff9f4b0a969:   88 49 8b 82 f0 00 00 00 49 63 c9 44 89 04 88 c3
0x00007ff9f4b0a979:   cc cc cc cc cc cc cc 48 8b 81 08 01 00 00 48 81
0x00007ff9f4b0a989:   c1 e0 00 00 00 4d 63 40 28 8b 52 28 46 8b 04 80
0x00007ff9f4b0a999:   e9 b2 0b 00 00 cc cc 48 89 74 24 18 55 57 41 56
0x00007ff9f4b0a9a9:   48 8d 6c 24 b9 48 81 ec e0 00 00 00 45 8b f0 48
0x00007ff9f4b0a9b9:   8b fa 48 63 52 20 48 8b f1 4c 8b 81 f0 00 00 00
0x00007ff9f4b0a9c9:   45 8b 0c 90 44 3b ca 74 47 0f 1f 40 00 66 66 0f
0x00007ff9f4b0a9d9:   1f 84 00 00 00 00 00 41 8b c9 49 63 c1 45 8b 0c
0x00007ff9f4b0a9e9:   80 44 3b c9 75 f1 41 3b d1 74 22 0f 1f 40 00 0f
0x00007ff9f4b0a9f9:   1f 84 00 00 00 00 00 48 8b 86 f0 00 00 00 48 63
0x00007ff9f4b0aa09:   ca 8b 14 88 44 89 0c 88 41 3b d1 75 ea 44 8b ca
0x00007ff9f4b0aa19:   48 89 9c 24 00 01 00 00 4c 89 bc 24 08 01 00 00
0x00007ff9f4b0aa29:   45 85 c9 0f 84 11 01 00 00 41 8b c1 4c 8d 0c 80
0x00007ff9f4b0aa39:   48 8b 46 70 49 c1 e1 05 4c 03 48 10 41 83 39 00
0x00007ff9f4b0aa49:   0f 84 f4 00 00 00 45 33 c0 41 bb 04 00 00 00 4c
0x00007ff9f4b0aa59:   89 45 87 41 8b d8 89 5d 97 45 8b d0 44 89 45 8f
0x00007ff9f4b0aa69:   44 89 5d 93 45 8b 79 04 44 89 7d 9b 4c 89 45 9f
0x00007ff9f4b0aa79:   49 8b 41 08 48 89 45 a7 4c 89 4d af 4d 85 c0 74
0x00007ff9f4b0aa89:   1c 49 0f bc c0 8b c8 49 d3 e8 49 ff c8 44 03 d0
0x00007ff9f4b0aa99:   4c 89 45 87 44 89 55 8f 41 8b c2 eb 2b 41 83 fb
0x00007ff9f4b0aaa9:   04 72 09 41 3b df 0f 83 8e 00 00 00 48 8d 4d 87
0x00007ff9f4b0aab9:   e8 72 a0 1a 00 44 8b 5d 93 44 8b 55 8f 4c 8b 45 


Stack slot to memory mapping:
stack at sp + 0 slots: 0x000002d979446278 points into unknown readable memory: 0x00000000000000c0 | c0 00 00 00 00 00 00 00
stack at sp + 1 slots: 0x000002d979446b30 points into unknown readable memory: 0x401cb737a40e5023 | 23 50 0e a4 37 b7 1c 40
stack at sp + 2 slots: 0x0 is NULL
stack at sp + 3 slots: 0x000000010000012d is an unknown value
stack at sp + 4 slots: 0x0000000004144045 is an unknown value
stack at sp + 5 slots: 0x0 is NULL
stack at sp + 6 slots: 0x0 is NULL
stack at sp + 7 slots: 0x0 is NULL


---------------  P R O C E S S  ---------------

Threads class SMR info:
_java_thread_list=0x000002d9772241b0, length=14, elements={
0x000002d955d5a1f0, 0x000002d97545d6c0, 0x000002d97545ebe0, 0x000002d97546e330,
0x000002d97546fe00, 0x000002d975474eb0, 0x000002d975479780, 0x000002d97549bed0,
0x000002d97549d7e0, 0x000002d9754b08b0, 0x000002d9754471e0, 0x000002d9764fefd0,
0x000002d97659aa60, 0x000002d977076eb0
}

Java Threads: ( => current thread )
  0x000002d955d5a1f0 JavaThread "main" [_thread_in_Java, id=11164, stack(0x000000f42e200000,0x000000f42e300000)]
  0x000002d97545d6c0 JavaThread "Reference Handler" daemon [_thread_blocked, id=1472, stack(0x000000f42e900000,0x000000f42ea00000)]
  0x000002d97545ebe0 JavaThread "Finalizer" daemon [_thread_blocked, id=11300, stack(0x000000f42ea00000,0x000000f42eb00000)]
  0x000002d97546e330 JavaThread "Signal Dispatcher" daemon [_thread_blocked, id=10764, stack(0x000000f42eb00000,0x000000f42ec00000)]
  0x000002d97546fe00 JavaThread "Attach Listener" daemon [_thread_blocked, id=6076, stack(0x000000f42ec00000,0x000000f42ed00000)]
  0x000002d975474eb0 JavaThread "Service Thread" daemon [_thread_blocked, id=6164, stack(0x000000f42ed00000,0x000000f42ee00000)]
  0x000002d975479780 JavaThread "Monitor Deflation Thread" daemon [_thread_blocked, id=8152, stack(0x000000f42ee00000,0x000000f42ef00000)]
=>0x000002d97549bed0 JavaThread "C2 CompilerThread0" daemon [_thread_in_native, id=4836, stack(0x000000f42ef00000,0x000000f42f000000)]
  0x000002d97549d7e0 JavaThread "C1 CompilerThread0" daemon [_thread_blocked, id=8972, stack(0x000000f42f000000,0x000000f42f100000)]
  0x000002d9754b08b0 JavaThread "Sweeper thread" daemon [_thread_blocked, id=10452, stack(0x000000f42f100000,0x000000f42f200000)]
  0x000002d9754471e0 JavaThread "Common-Cleaner" daemon [_thread_blocked, id=11016, stack(0x000000f42f200000,0x000000f42f300000)]
  0x000002d9764fefd0 JavaThread "Monitor Ctrl-Break" daemon [_thread_in_native, id=13700, stack(0x000000f42f400000,0x000000f42f500000)]
  0x000002d97659aa60 JavaThread "Notification Thread" daemon [_thread_blocked, id=7532, stack(0x000000f42f500000,0x000000f42f600000)]
  0x000002d977076eb0 JavaThread "C2 CompilerThread1" daemon [_thread_in_native, id=900, stack(0x000000f42f300000,0x000000f42f400000)]

Other Threads:
  0x000002d975457b50 VMThread "VM Thread" [stack: 0x000000f42e800000,0x000000f42e900000] [id=8628]
  0x000002d97677c7a0 WatcherThread [stack: 0x000000f42f600000,0x000000f42f700000] [id=4732]
  0x000002d955c89f60 GCTaskThread "GC Thread#0" [stack: 0x000000f42e300000,0x000000f42e400000] [id=13436]
  0x000002d976bc8390 GCTaskThread "GC Thread#1" [stack: 0x000000f42f700000,0x000000f42f800000] [id=8176]
  0x000002d976c79110 GCTaskThread "GC Thread#2" [stack: 0x000000f42f800000,0x000000f42f900000] [id=14332]
  0x000002d97699c750 GCTaskThread "GC Thread#3" [stack: 0x000000f42f900000,0x000000f42fa00000] [id=2876]
  0x000002d955c8bb50 ConcurrentGCThread "G1 Main Marker" [stack: 0x000000f42e400000,0x000000f42e500000] [id=11800]
  0x000002d955c8cb10 ConcurrentGCThread "G1 Conc#0" [stack: 0x000000f42e500000,0x000000f42e600000] [id=6716]
  0x000002d955e0edf0 ConcurrentGCThread "G1 Refine#0" [stack: 0x000000f42e600000,0x000000f42e700000] [id=7840]
  0x000002d955e0f720 ConcurrentGCThread "G1 Service" [stack: 0x000000f42e700000,0x000000f42e800000] [id=1652]

Threads with active compile tasks:
C2 CompilerThread0     3513 2719       4       java.io.WinNTFileSystem::normalize (143 bytes)
C1 CompilerThread0     3513 2841       3       org.springframework.core.type.AnnotatedTypeMetadata$$Lambda$330/0x0000000800df65a0::get (8 bytes)
C2 CompilerThread1     3513 2572       4       org.springframework.boot.context.properties.source.ConfigurationPropertyName$ElementsParser::parse (234 bytes)

VM state: not at safepoint (normal execution)

VM Mutex/Monitor currently owned by a thread: None

Heap address: 0x0000000082000000, size: 2016 MB, Compressed Oops mode: 32-bit

CDS archive(s) mapped at: [0x0000000800000000-0x0000000800bc0000-0x0000000800bc0000), size 12320768, SharedBaseAddress: 0x0000000800000000, ArchiveRelocationMode: 0.
Compressed class space mapped at: 0x0000000800c00000-0x0000000840c00000, reserved size: 1073741824
Narrow klass base: 0x0000000800000000, Narrow klass shift: 0, Narrow klass range: 0x100000000

GC Precious Log:
 CPUs: 4 total, 4 available
 Memory: 8060M
 Large Page Support: Disabled
 NUMA Support: Disabled
 Compressed Oops: Enabled (32-bit)
 Heap Region Size: 1M
 Heap Min Capacity: 8M
 Heap Initial Capacity: 126M
 Heap Max Capacity: 2016M
 Pre-touch: Disabled
 Parallel Workers: 4
 Concurrent Workers: 1
 Concurrent Refinement Workers: 4
 Periodic GC: Disabled

Heap:
 garbage-first heap   total 129024K, used 24995K [0x0000000082000000, 0x0000000100000000)
  region size 1024K, 16 young (16384K), 6 survivors (6144K)
 Metaspace       used 19965K, committed 20288K, reserved 1073152K
  class space    used 2435K, committed 2560K, reserved 1048576K

Heap Regions: E=young(eden), S=young(survivor), O=old, HS=humongous(starts), HC=humongous(continues), CS=collection set, F=free, OA=open archive, CA=closed archive, TAMS=top-at-mark-start (previous, next)
|   0|0x0000000082000000, 0x0000000082100000, 0x0000000082100000|100%|HS|  |TAMS 0x0000000082000000, 0x0000000082000000| Complete 
|   1|0x0000000082100000, 0x0000000082200000, 0x0000000082200000|100%|HS|  |TAMS 0x0000000082100000, 0x0000000082100000| Complete 
|   2|0x0000000082200000, 0x0000000082300000, 0x0000000082300000|100%| O|  |TAMS 0x0000000082200000, 0x0000000082200000| Untracked 
|   3|0x0000000082300000, 0x0000000082400000, 0x0000000082400000|100%| O|  |TAMS 0x0000000082300000, 0x0000000082300000| Untracked 
|   4|0x0000000082400000, 0x0000000082500000, 0x0000000082500000|100%| O|  |TAMS 0x0000000082400000, 0x0000000082400000| Untracked 
|   5|0x0000000082500000, 0x0000000082600000, 0x0000000082600000|100%| O|  |TAMS 0x0000000082500000, 0x0000000082500000| Untracked 
|   6|0x0000000082600000, 0x0000000082700000, 0x0000000082700000|100%| O|  |TAMS 0x0000000082600000, 0x0000000082600000| Untracked 
|   7|0x0000000082700000, 0x0000000082800000, 0x0000000082800000|100%| O|  |TAMS 0x0000000082700000, 0x0000000082700000| Untracked 
|   8|0x0000000082800000, 0x0000000082900000, 0x0000000082900000|100%| O|  |TAMS 0x0000000082800000, 0x0000000082800000| Untracked 
|   9|0x0000000082900000, 0x0000000082968e00, 0x0000000082a00000| 40%| O|  |TAMS 0x0000000082900000, 0x0000000082900000| Untracked 
|  10|0x0000000082a00000, 0x0000000082a00000, 0x0000000082b00000|  0%| F|  |TAMS 0x0000000082a00000, 0x0000000082a00000| Untracked 
|  11|0x0000000082b00000, 0x0000000082b00000, 0x0000000082c00000|  0%| F|  |TAMS 0x0000000082b00000, 0x0000000082b00000| Untracked 
|  12|0x0000000082c00000, 0x0000000082c00000, 0x0000000082d00000|  0%| F|  |TAMS 0x0000000082c00000, 0x0000000082c00000| Untracked 
|  13|0x0000000082d00000, 0x0000000082d00000, 0x0000000082e00000|  0%| F|  |TAMS 0x0000000082d00000, 0x0000000082d00000| Untracked 
|  14|0x0000000082e00000, 0x0000000082e00000, 0x0000000082f00000|  0%| F|  |TAMS 0x0000000082e00000, 0x0000000082e00000| Untracked 
|  15|0x0000000082f00000, 0x0000000082f00000, 0x0000000083000000|  0%| F|  |TAMS 0x0000000082f00000, 0x0000000082f00000| Untracked 
|  16|0x0000000083000000, 0x0000000083000000, 0x0000000083100000|  0%| F|  |TAMS 0x0000000083000000, 0x0000000083000000| Untracked 
|  17|0x0000000083100000, 0x0000000083100000, 0x0000000083200000|  0%| F|  |TAMS 0x0000000083100000, 0x0000000083100000| Untracked 
|  18|0x0000000083200000, 0x0000000083200000, 0x0000000083300000|  0%| F|  |TAMS 0x0000000083200000, 0x0000000083200000| Untracked 
|  19|0x0000000083300000, 0x0000000083300000, 0x0000000083400000|  0%| F|  |TAMS 0x0000000083300000, 0x0000000083300000| Untracked 
|  20|0x0000000083400000, 0x0000000083400000, 0x0000000083500000|  0%| F|  |TAMS 0x0000000083400000, 0x0000000083400000| Untracked 
|  21|0x0000000083500000, 0x0000000083500000, 0x0000000083600000|  0%| F|  |TAMS 0x0000000083500000, 0x0000000083500000| Untracked 
|  22|0x0000000083600000, 0x0000000083600000, 0x0000000083700000|  0%| F|  |TAMS 0x0000000083600000, 0x0000000083600000| Untracked 
|  23|0x0000000083700000, 0x0000000083700000, 0x0000000083800000|  0%| F|  |TAMS 0x0000000083700000, 0x0000000083700000| Untracked 
|  24|0x0000000083800000, 0x0000000083800000, 0x0000000083900000|  0%| F|  |TAMS 0x0000000083800000, 0x0000000083800000| Untracked 
|  25|0x0000000083900000, 0x0000000083900000, 0x0000000083a00000|  0%| F|  |TAMS 0x0000000083900000, 0x0000000083900000| Untracked 
|  26|0x0000000083a00000, 0x0000000083a00000, 0x0000000083b00000|  0%| F|  |TAMS 0x0000000083a00000, 0x0000000083a00000| Untracked 
|  27|0x0000000083b00000, 0x0000000083b00000, 0x0000000083c00000|  0%| F|  |TAMS 0x0000000083b00000, 0x0000000083b00000| Untracked 
|  28|0x0000000083c00000, 0x0000000083c00000, 0x0000000083d00000|  0%| F|  |TAMS 0x0000000083c00000, 0x0000000083c00000| Untracked 
|  29|0x0000000083d00000, 0x0000000083d00000, 0x0000000083e00000|  0%| F|  |TAMS 0x0000000083d00000, 0x0000000083d00000| Untracked 
|  30|0x0000000083e00000, 0x0000000083e00000, 0x0000000083f00000|  0%| F|  |TAMS 0x0000000083e00000, 0x0000000083e00000| Untracked 
|  31|0x0000000083f00000, 0x0000000083f00000, 0x0000000084000000|  0%| F|  |TAMS 0x0000000083f00000, 0x0000000083f00000| Untracked 
|  32|0x0000000084000000, 0x0000000084000000, 0x0000000084100000|  0%| F|  |TAMS 0x0000000084000000, 0x0000000084000000| Untracked 
|  33|0x0000000084100000, 0x0000000084100000, 0x0000000084200000|  0%| F|  |TAMS 0x0000000084100000, 0x0000000084100000| Untracked 
|  34|0x0000000084200000, 0x0000000084200000, 0x0000000084300000|  0%| F|  |TAMS 0x0000000084200000, 0x0000000084200000| Untracked 
|  35|0x0000000084300000, 0x0000000084300000, 0x0000000084400000|  0%| F|  |TAMS 0x0000000084300000, 0x0000000084300000| Untracked 
|  36|0x0000000084400000, 0x0000000084400000, 0x0000000084500000|  0%| F|  |TAMS 0x0000000084400000, 0x0000000084400000| Untracked 
|  37|0x0000000084500000, 0x0000000084500000, 0x0000000084600000|  0%| F|  |TAMS 0x0000000084500000, 0x0000000084500000| Untracked 
|  38|0x0000000084600000, 0x0000000084600000, 0x0000000084700000|  0%| F|  |TAMS 0x0000000084600000, 0x0000000084600000| Untracked 
|  39|0x0000000084700000, 0x0000000084700000, 0x0000000084800000|  0%| F|  |TAMS 0x0000000084700000, 0x0000000084700000| Untracked 
|  40|0x0000000084800000, 0x0000000084800000, 0x0000000084900000|  0%| F|  |TAMS 0x0000000084800000, 0x0000000084800000| Untracked 
|  41|0x0000000084900000, 0x0000000084900000, 0x0000000084a00000|  0%| F|  |TAMS 0x0000000084900000, 0x0000000084900000| Untracked 
|  42|0x0000000084a00000, 0x0000000084a00000, 0x0000000084b00000|  0%| F|  |TAMS 0x0000000084a00000, 0x0000000084a00000| Untracked 
|  43|0x0000000084b00000, 0x0000000084b00000, 0x0000000084c00000|  0%| F|  |TAMS 0x0000000084b00000, 0x0000000084b00000| Untracked 
|  44|0x0000000084c00000, 0x0000000084c00000, 0x0000000084d00000|  0%| F|  |TAMS 0x0000000084c00000, 0x0000000084c00000| Untracked 
|  45|0x0000000084d00000, 0x0000000084d00000, 0x0000000084e00000|  0%| F|  |TAMS 0x0000000084d00000, 0x0000000084d00000| Untracked 
|  46|0x0000000084e00000, 0x0000000084e00000, 0x0000000084f00000|  0%| F|  |TAMS 0x0000000084e00000, 0x0000000084e00000| Untracked 
|  47|0x0000000084f00000, 0x0000000084f00000, 0x0000000085000000|  0%| F|  |TAMS 0x0000000084f00000, 0x0000000084f00000| Untracked 
|  48|0x0000000085000000, 0x0000000085000000, 0x0000000085100000|  0%| F|  |TAMS 0x0000000085000000, 0x0000000085000000| Untracked 
|  49|0x0000000085100000, 0x0000000085100000, 0x0000000085200000|  0%| F|  |TAMS 0x0000000085100000, 0x0000000085100000| Untracked 
|  50|0x0000000085200000, 0x0000000085200000, 0x0000000085300000|  0%| F|  |TAMS 0x0000000085200000, 0x0000000085200000| Untracked 
|  51|0x0000000085300000, 0x0000000085300000, 0x0000000085400000|  0%| F|  |TAMS 0x0000000085300000, 0x0000000085300000| Untracked 
|  52|0x0000000085400000, 0x0000000085400000, 0x0000000085500000|  0%| F|  |TAMS 0x0000000085400000, 0x0000000085400000| Untracked 
|  53|0x0000000085500000, 0x0000000085500000, 0x0000000085600000|  0%| F|  |TAMS 0x0000000085500000, 0x0000000085500000| Untracked 
|  54|0x0000000085600000, 0x0000000085600000, 0x0000000085700000|  0%| F|  |TAMS 0x0000000085600000, 0x0000000085600000| Untracked 
|  55|0x0000000085700000, 0x0000000085700000, 0x0000000085800000|  0%| F|  |TAMS 0x0000000085700000, 0x0000000085700000| Untracked 
|  56|0x0000000085800000, 0x0000000085800000, 0x0000000085900000|  0%| F|  |TAMS 0x0000000085800000, 0x0000000085800000| Untracked 
|  57|0x0000000085900000, 0x0000000085900000, 0x0000000085a00000|  0%| F|  |TAMS 0x0000000085900000, 0x0000000085900000| Untracked 
|  58|0x0000000085a00000, 0x0000000085a00000, 0x0000000085b00000|  0%| F|  |TAMS 0x0000000085a00000, 0x0000000085a00000| Untracked 
|  59|0x0000000085b00000, 0x0000000085b00000, 0x0000000085c00000|  0%| F|  |TAMS 0x0000000085b00000, 0x0000000085b00000| Untracked 
|  60|0x0000000085c00000, 0x0000000085c00000, 0x0000000085d00000|  0%| F|  |TAMS 0x0000000085c00000, 0x0000000085c00000| Untracked 
|  61|0x0000000085d00000, 0x0000000085d00000, 0x0000000085e00000|  0%| F|  |TAMS 0x0000000085d00000, 0x0000000085d00000| Untracked 
|  62|0x0000000085e00000, 0x0000000085e00000, 0x0000000085f00000|  0%| F|  |TAMS 0x0000000085e00000, 0x0000000085e00000| Untracked 
|  63|0x0000000085f00000, 0x0000000085f00000, 0x0000000086000000|  0%| F|  |TAMS 0x0000000085f00000, 0x0000000085f00000| Untracked 
|  64|0x0000000086000000, 0x0000000086000000, 0x0000000086100000|  0%| F|  |TAMS 0x0000000086000000, 0x0000000086000000| Untracked 
|  65|0x0000000086100000, 0x0000000086100000, 0x0000000086200000|  0%| F|  |TAMS 0x0000000086100000, 0x0000000086100000| Untracked 
|  66|0x0000000086200000, 0x0000000086200000, 0x0000000086300000|  0%| F|  |TAMS 0x0000000086200000, 0x0000000086200000| Untracked 
|  67|0x0000000086300000, 0x0000000086300000, 0x0000000086400000|  0%| F|  |TAMS 0x0000000086300000, 0x0000000086300000| Untracked 
|  68|0x0000000086400000, 0x0000000086400000, 0x0000000086500000|  0%| F|  |TAMS 0x0000000086400000, 0x0000000086400000| Untracked 
|  69|0x0000000086500000, 0x0000000086500000, 0x0000000086600000|  0%| F|  |TAMS 0x0000000086500000, 0x0000000086500000| Untracked 
|  70|0x0000000086600000, 0x0000000086600000, 0x0000000086700000|  0%| F|  |TAMS 0x0000000086600000, 0x0000000086600000| Untracked 
|  71|0x0000000086700000, 0x0000000086700000, 0x0000000086800000|  0%| F|  |TAMS 0x0000000086700000, 0x0000000086700000| Untracked 
|  72|0x0000000086800000, 0x0000000086800000, 0x0000000086900000|  0%| F|  |TAMS 0x0000000086800000, 0x0000000086800000| Untracked 
|  73|0x0000000086900000, 0x0000000086a00000, 0x0000000086a00000|100%| S|CS|TAMS 0x0000000086900000, 0x0000000086900000| Complete 
|  74|0x0000000086a00000, 0x0000000086b00000, 0x0000000086b00000|100%| S|CS|TAMS 0x0000000086a00000, 0x0000000086a00000| Complete 
|  75|0x0000000086b00000, 0x0000000086c00000, 0x0000000086c00000|100%| S|CS|TAMS 0x0000000086b00000, 0x0000000086b00000| Complete 
|  76|0x0000000086c00000, 0x0000000086d00000, 0x0000000086d00000|100%| S|CS|TAMS 0x0000000086c00000, 0x0000000086c00000| Complete 
|  77|0x0000000086d00000, 0x0000000086e00000, 0x0000000086e00000|100%| S|CS|TAMS 0x0000000086d00000, 0x0000000086d00000| Complete 
|  78|0x0000000086e00000, 0x0000000086f00000, 0x0000000086f00000|100%| S|CS|TAMS 0x0000000086e00000, 0x0000000086e00000| Complete 
|  79|0x0000000086f00000, 0x0000000086f00000, 0x0000000087000000|  0%| F|  |TAMS 0x0000000086f00000, 0x0000000086f00000| Untracked 
|  80|0x0000000087000000, 0x0000000087000000, 0x0000000087100000|  0%| F|  |TAMS 0x0000000087000000, 0x0000000087000000| Untracked 
|  81|0x0000000087100000, 0x0000000087100000, 0x0000000087200000|  0%| F|  |TAMS 0x0000000087100000, 0x0000000087100000| Untracked 
|  82|0x0000000087200000, 0x0000000087200000, 0x0000000087300000|  0%| F|  |TAMS 0x0000000087200000, 0x0000000087200000| Untracked 
|  83|0x0000000087300000, 0x0000000087300000, 0x0000000087400000|  0%| F|  |TAMS 0x0000000087300000, 0x0000000087300000| Untracked 
|  84|0x0000000087400000, 0x0000000087400000, 0x0000000087500000|  0%| F|  |TAMS 0x0000000087400000, 0x0000000087400000| Untracked 
|  85|0x0000000087500000, 0x0000000087500000, 0x0000000087600000|  0%| F|  |TAMS 0x0000000087500000, 0x0000000087500000| Untracked 
|  86|0x0000000087600000, 0x0000000087600000, 0x0000000087700000|  0%| F|  |TAMS 0x0000000087600000, 0x0000000087600000| Untracked 
|  87|0x0000000087700000, 0x0000000087700000, 0x0000000087800000|  0%| F|  |TAMS 0x0000000087700000, 0x0000000087700000| Untracked 
|  88|0x0000000087800000, 0x0000000087800000, 0x0000000087900000|  0%| F|  |TAMS 0x0000000087800000, 0x0000000087800000| Untracked 
|  89|0x0000000087900000, 0x0000000087900000, 0x0000000087a00000|  0%| F|  |TAMS 0x0000000087900000, 0x0000000087900000| Untracked 
|  90|0x0000000087a00000, 0x0000000087a00000, 0x0000000087b00000|  0%| F|  |TAMS 0x0000000087a00000, 0x0000000087a00000| Untracked 
|  91|0x0000000087b00000, 0x0000000087b00000, 0x0000000087c00000|  0%| F|  |TAMS 0x0000000087b00000, 0x0000000087b00000| Untracked 
|  92|0x0000000087c00000, 0x0000000087c00000, 0x0000000087d00000|  0%| F|  |TAMS 0x0000000087c00000, 0x0000000087c00000| Untracked 
|  93|0x0000000087d00000, 0x0000000087d00000, 0x0000000087e00000|  0%| F|  |TAMS 0x0000000087d00000, 0x0000000087d00000| Untracked 
|  94|0x0000000087e00000, 0x0000000087e00000, 0x0000000087f00000|  0%| F|  |TAMS 0x0000000087e00000, 0x0000000087e00000| Untracked 
|  95|0x0000000087f00000, 0x0000000087f00000, 0x0000000088000000|  0%| F|  |TAMS 0x0000000087f00000, 0x0000000087f00000| Untracked 
|  96|0x0000000088000000, 0x0000000088000000, 0x0000000088100000|  0%| F|  |TAMS 0x0000000088000000, 0x0000000088000000| Untracked 
|  97|0x0000000088100000, 0x0000000088100000, 0x0000000088200000|  0%| F|  |TAMS 0x0000000088100000, 0x0000000088100000| Untracked 
|  98|0x0000000088200000, 0x0000000088200000, 0x0000000088300000|  0%| F|  |TAMS 0x0000000088200000, 0x0000000088200000| Untracked 
|  99|0x0000000088300000, 0x0000000088300000, 0x0000000088400000|  0%| F|  |TAMS 0x0000000088300000, 0x0000000088300000| Untracked 
| 100|0x0000000088400000, 0x0000000088400000, 0x0000000088500000|  0%| F|  |TAMS 0x0000000088400000, 0x0000000088400000| Untracked 
| 101|0x0000000088500000, 0x0000000088500000, 0x0000000088600000|  0%| F|  |TAMS 0x0000000088500000, 0x0000000088500000| Untracked 
| 102|0x0000000088600000, 0x0000000088600000, 0x0000000088700000|  0%| F|  |TAMS 0x0000000088600000, 0x0000000088600000| Untracked 
| 103|0x0000000088700000, 0x0000000088700000, 0x0000000088800000|  0%| F|  |TAMS 0x0000000088700000, 0x0000000088700000| Untracked 
| 104|0x0000000088800000, 0x0000000088800000, 0x0000000088900000|  0%| F|  |TAMS 0x0000000088800000, 0x0000000088800000| Untracked 
| 105|0x0000000088900000, 0x0000000088900000, 0x0000000088a00000|  0%| F|  |TAMS 0x0000000088900000, 0x0000000088900000| Untracked 
| 106|0x0000000088a00000, 0x0000000088a00000, 0x0000000088b00000|  0%| F|  |TAMS 0x0000000088a00000, 0x0000000088a00000| Untracked 
| 107|0x0000000088b00000, 0x0000000088b00000, 0x0000000088c00000|  0%| F|  |TAMS 0x0000000088b00000, 0x0000000088b00000| Untracked 
| 108|0x0000000088c00000, 0x0000000088c00000, 0x0000000088d00000|  0%| F|  |TAMS 0x0000000088c00000, 0x0000000088c00000| Untracked 
| 109|0x0000000088d00000, 0x0000000088d00000, 0x0000000088e00000|  0%| F|  |TAMS 0x0000000088d00000, 0x0000000088d00000| Untracked 
| 110|0x0000000088e00000, 0x0000000088e00000, 0x0000000088f00000|  0%| F|  |TAMS 0x0000000088e00000, 0x0000000088e00000| Untracked 
| 111|0x0000000088f00000, 0x0000000088f00000, 0x0000000089000000|  0%| F|  |TAMS 0x0000000088f00000, 0x0000000088f00000| Untracked 
| 112|0x0000000089000000, 0x0000000089000000, 0x0000000089100000|  0%| F|  |TAMS 0x0000000089000000, 0x0000000089000000| Untracked 
| 113|0x0000000089100000, 0x0000000089100000, 0x0000000089200000|  0%| F|  |TAMS 0x0000000089100000, 0x0000000089100000| Untracked 
| 114|0x0000000089200000, 0x0000000089200000, 0x0000000089300000|  0%| F|  |TAMS 0x0000000089200000, 0x0000000089200000| Untracked 
| 115|0x0000000089300000, 0x0000000089300000, 0x0000000089400000|  0%| F|  |TAMS 0x0000000089300000, 0x0000000089300000| Untracked 
| 116|0x0000000089400000, 0x0000000089480800, 0x0000000089500000| 50%| E|  |TAMS 0x0000000089400000, 0x0000000089400000| Complete 
| 117|0x0000000089500000, 0x0000000089600000, 0x0000000089600000|100%| E|CS|TAMS 0x0000000089500000, 0x0000000089500000| Complete 
| 118|0x0000000089600000, 0x0000000089700000, 0x0000000089700000|100%| E|CS|TAMS 0x0000000089600000, 0x0000000089600000| Complete 
| 119|0x0000000089700000, 0x0000000089800000, 0x0000000089800000|100%| E|CS|TAMS 0x0000000089700000, 0x0000000089700000| Complete 
| 120|0x0000000089800000, 0x0000000089900000, 0x0000000089900000|100%| E|CS|TAMS 0x0000000089800000, 0x0000000089800000| Complete 
| 121|0x0000000089900000, 0x0000000089a00000, 0x0000000089a00000|100%| E|CS|TAMS 0x0000000089900000, 0x0000000089900000| Complete 
| 122|0x0000000089a00000, 0x0000000089b00000, 0x0000000089b00000|100%| E|CS|TAMS 0x0000000089a00000, 0x0000000089a00000| Complete 
| 123|0x0000000089b00000, 0x0000000089c00000, 0x0000000089c00000|100%| E|CS|TAMS 0x0000000089b00000, 0x0000000089b00000| Complete 
| 124|0x0000000089c00000, 0x0000000089d00000, 0x0000000089d00000|100%| E|CS|TAMS 0x0000000089c00000, 0x0000000089c00000| Complete 
| 125|0x0000000089d00000, 0x0000000089e00000, 0x0000000089e00000|100%| E|CS|TAMS 0x0000000089d00000, 0x0000000089d00000| Complete 

Card table byte_map: [0x000002d96e7a0000,0x000002d96eb90000] _byte_map_base: 0x000002d96e390000

Marking Bits (Prev, Next): (CMBitMap*) 0x000002d955c8b490, (CMBitMap*) 0x000002d955c8b4d0
 Prev Bits: [0x000002d96ef80000, 0x000002d970f00000)
 Next Bits: [0x000002d970f00000, 0x000002d972e80000)

Polling page: 0x000002d95ed50000

Metaspace:

Usage:
  Non-class:     17.12 MB used.
      Class:      2.38 MB used.
       Both:     19.50 MB used.

Virtual space:
  Non-class space:       24.00 MB reserved,      17.31 MB ( 72%) committed,  3 nodes.
      Class space:        1.00 GB reserved,       2.50 MB ( <1%) committed,  1 nodes.
             Both:        1.02 GB reserved,      19.81 MB (  2%) committed. 

Chunk freelists:
   Non-Class:  2.12 MB
       Class:  1.53 MB
        Both:  3.65 MB

MaxMetaspaceSize: unlimited
CompressedClassSpaceSize: 1.00 GB
Initial GC threshold: 21.00 MB
Current GC threshold: 21.00 MB
CDS: on
MetaspaceReclaimPolicy: balanced
 - commit_granule_bytes: 65536.
 - commit_granule_words: 8192.
 - virtual_space_node_default_size: 1048576.
 - enlarge_chunks_in_place: 1.
 - new_chunks_are_fully_committed: 0.
 - uncommit_free_chunks: 1.
 - use_allocation_guard: 0.
 - handle_deallocations: 1.


Internal statistics:

num_allocs_failed_limit: 0.
num_arena_births: 254.
num_arena_deaths: 0.
num_vsnodes_births: 4.
num_vsnodes_deaths: 0.
num_space_committed: 317.
num_space_uncommitted: 0.
num_chunks_returned_to_freelist: 0.
num_chunks_taken_from_freelist: 921.
num_chunk_merges: 0.
num_chunk_splits: 625.
num_chunks_enlarged: 497.
num_purges: 0.
num_inconsistent_stats: 0.

CodeHeap 'non-profiled nmethods': size=120000Kb used=1148Kb max_used=1148Kb free=118851Kb
 bounds [0x000002d966840000, 0x000002d966ab0000, 0x000002d96dd70000]
CodeHeap 'profiled nmethods': size=120000Kb used=6065Kb max_used=6065Kb free=113934Kb
 bounds [0x000002d95f310000, 0x000002d95f900000, 0x000002d966840000]
CodeHeap 'non-nmethods': size=5760Kb used=1275Kb max_used=1275Kb free=4484Kb
 bounds [0x000002d95ed70000, 0x000002d95efe0000, 0x000002d95f310000]
 total_blobs=3340 nmethods=2835 adapters=415
 compilation: enabled
              stopped_count=0, restarted_count=0
 full_count=0

Compilation events (20 events):
Event: 3.389 Thread 0x000002d97549d7e0 nmethod 2763 0x000002d95f8b6d10 code [0x000002d95f8b6f60, 0x000002d95f8b7938]
Event: 3.389 Thread 0x000002d97549d7e0 2760       3       org.springframework.core.type.classreading.SimpleAnnotationMetadataReadingVisitor::getMetadata (22 bytes)
Event: 3.389 Thread 0x000002d97549d7e0 nmethod 2760 0x000002d95f8b7c90 code [0x000002d95f8b7e40, 0x000002d95f8b8108]
Event: 3.390 Thread 0x000002d97549d7e0 2764       3       org.springframework.util.ReflectionUtils::makeAccessible (36 bytes)
Event: 3.391 Thread 0x000002d97549d7e0 nmethod 2764 0x000002d95f8b8210 code [0x000002d95f8b8460, 0x000002d95f8b8eb8]
Event: 3.394 Thread 0x000002d97549d7e0 2765   !   3       org.springframework.core.env.PropertiesPropertySource::getPropertyNames (22 bytes)
Event: 3.395 Thread 0x000002d97549d7e0 nmethod 2765 0x000002d95f8b9190 code [0x000002d95f8b93a0, 0x000002d95f8b9d28]
Event: 3.395 Thread 0x000002d97549d7e0 2766       3       java.util.Properties::keySet (12 bytes)
Event: 3.396 Thread 0x000002d97549d7e0 nmethod 2766 0x000002d95f8ba010 code [0x000002d95f8ba200, 0x000002d95f8ba7d8]
Event: 3.396 Thread 0x000002d97549d7e0 2767       3       java.util.LinkedHashMap$LinkedKeySet::toArray (16 bytes)
Event: 3.396 Thread 0x000002d97549d7e0 nmethod 2767 0x000002d95f8baa10 code [0x000002d95f8babc0, 0x000002d95f8bad38]
Event: 3.396 Thread 0x000002d97549d7e0 2768       3       java.util.zip.ZipFile$ZipFileInflaterInputStream::available (44 bytes)
Event: 3.396 Thread 0x000002d97549d7e0 nmethod 2768 0x000002d95f8bae10 code [0x000002d95f8bafe0, 0x000002d95f8bb368]
Event: 3.396 Thread 0x000002d97549d7e0 2769       3       java.lang.reflect.Constructor::getParameterCount (6 bytes)
Event: 3.397 Thread 0x000002d97549d7e0 nmethod 2769 0x000002d95f8bb490 code [0x000002d95f8bb620, 0x000002d95f8bb738]
Event: 3.397 Thread 0x000002d97549d7e0 2770       3       org.springframework.core.type.AnnotationMetadata$$Lambda$373/0x0000000800e2a098::apply (8 bytes)
Event: 3.397 Thread 0x000002d97549d7e0 nmethod 2770 0x000002d95f8bb810 code [0x000002d95f8bb9e0, 0x000002d95f8bbe18]
Event: 3.397 Thread 0x000002d97549d7e0 2771       3       org.springframework.core.type.AnnotationMetadata::lambda$getAnnotationTypes$0 (10 bytes)
Event: 3.398 Thread 0x000002d97549d7e0 nmethod 2771 0x000002d95f8bbf90 code [0x000002d95f8bc140, 0x000002d95f8bc3d8]
Event: 3.400 Thread 0x000002d97549d7e0 2772       3       org.springframework.core.annotation.MergedAnnotations::from (11 bytes)

GC Heap History (8 events):
Event: 0.685 GC heap before
{Heap before GC invocations=0 (full 0):
 garbage-first heap   total 129024K, used 15360K [0x0000000082000000, 0x0000000100000000)
  region size 1024K, 13 young (13312K), 0 survivors (0K)
 Metaspace       used 2404K, committed 2496K, reserved 1056768K
  class space    used 211K, committed 256K, reserved 1048576K
}
Event: 0.690 GC heap after
{Heap after GC invocations=1 (full 0):
 garbage-first heap   total 129024K, used 9075K [0x0000000082000000, 0x0000000100000000)
  region size 1024K, 2 young (2048K), 2 survivors (2048K)
 Metaspace       used 2404K, committed 2496K, reserved 1056768K
  class space    used 211K, committed 256K, reserved 1048576K
}
Event: 1.072 GC heap before
{Heap before GC invocations=1 (full 0):
 garbage-first heap   total 129024K, used 18291K [0x0000000082000000, 0x0000000100000000)
  region size 1024K, 11 young (11264K), 2 survivors (2048K)
 Metaspace       used 5225K, committed 5440K, reserved 1056768K
  class space    used 601K, committed 704K, reserved 1048576K
}
Event: 1.075 GC heap after
{Heap after GC invocations=2 (full 0):
 garbage-first heap   total 129024K, used 10102K [0x0000000082000000, 0x0000000100000000)
  region size 1024K, 2 young (2048K), 2 survivors (2048K)
 Metaspace       used 5225K, committed 5440K, reserved 1056768K
  class space    used 601K, committed 704K, reserved 1048576K
}
Event: 2.034 GC heap before
{Heap before GC invocations=2 (full 0):
 garbage-first heap   total 129024K, used 30582K [0x0000000082000000, 0x0000000100000000)
  region size 1024K, 22 young (22528K), 2 survivors (2048K)
 Metaspace       used 10604K, committed 10816K, reserved 1064960K
  class space    used 1331K, committed 1408K, reserved 1048576K
}
Event: 2.039 GC heap after
{Heap after GC invocations=3 (full 0):
 garbage-first heap   total 129024K, used 11768K [0x0000000082000000, 0x0000000100000000)
  region size 1024K, 3 young (3072K), 3 survivors (3072K)
 Metaspace       used 10604K, committed 10816K, reserved 1064960K
  class space    used 1331K, committed 1408K, reserved 1048576K
}
Event: 3.143 GC heap before
{Heap before GC invocations=3 (full 0):
 garbage-first heap   total 129024K, used 55800K [0x0000000082000000, 0x0000000100000000)
  region size 1024K, 47 young (48128K), 3 survivors (3072K)
 Metaspace       used 19396K, committed 19648K, reserved 1073152K
  class space    used 2365K, committed 2496K, reserved 1048576K
}
Event: 3.154 GC heap after
{Heap after GC invocations=4 (full 0):
 garbage-first heap   total 129024K, used 15779K [0x0000000082000000, 0x0000000100000000)
  region size 1024K, 6 young (6144K), 6 survivors (6144K)
 Metaspace       used 19396K, committed 19648K, reserved 1073152K
  class space    used 2365K, committed 2496K, reserved 1048576K
}

Deoptimization events (20 events):
Event: 2.880 Thread 0x000002d955d5a1f0 DEOPT PACKING pc=0x000002d95f45f531 sp=0x000000f42e2fe490
Event: 2.880 Thread 0x000002d955d5a1f0 DEOPT UNPACKING pc=0x000002d95edc2b43 sp=0x000000f42e2fd980 mode 0
Event: 2.881 Thread 0x000002d955d5a1f0 DEOPT PACKING pc=0x000002d95f45f531 sp=0x000000f42e2fe490
Event: 2.881 Thread 0x000002d955d5a1f0 DEOPT UNPACKING pc=0x000002d95edc2b43 sp=0x000000f42e2fd980 mode 0
Event: 2.881 Thread 0x000002d955d5a1f0 DEOPT PACKING pc=0x000002d95f45f531 sp=0x000000f42e2fe490
Event: 2.881 Thread 0x000002d955d5a1f0 DEOPT UNPACKING pc=0x000002d95edc2b43 sp=0x000000f42e2fd980 mode 0
Event: 2.882 Thread 0x000002d955d5a1f0 DEOPT PACKING pc=0x000002d95f45f531 sp=0x000000f42e2fe490
Event: 2.882 Thread 0x000002d955d5a1f0 DEOPT UNPACKING pc=0x000002d95edc2b43 sp=0x000000f42e2fd980 mode 0
Event: 2.883 Thread 0x000002d955d5a1f0 DEOPT PACKING pc=0x000002d95f45f531 sp=0x000000f42e2fe490
Event: 2.883 Thread 0x000002d955d5a1f0 DEOPT UNPACKING pc=0x000002d95edc2b43 sp=0x000000f42e2fd980 mode 0
Event: 2.976 Thread 0x000002d955d5a1f0 Uncommon trap: trap_request=0xffffffc6 fr.pc=0x000002d966941de4 relative=0x0000000000000fe4
Event: 2.976 Thread 0x000002d955d5a1f0 Uncommon trap: reason=bimorphic_or_optimized_type_check action=maybe_recompile pc=0x000002d966941de4 method=java.util.HashMap.putVal(ILjava/lang/Object;Ljava/lang/Object;ZZ)Ljava/lang/Object; @ 203 c2
Event: 2.976 Thread 0x000002d955d5a1f0 DEOPT PACKING pc=0x000002d966941de4 sp=0x000000f42e2fe350
Event: 2.976 Thread 0x000002d955d5a1f0 DEOPT UNPACKING pc=0x000002d95edc23a3 sp=0x000000f42e2fe260 mode 2
Event: 2.991 Thread 0x000002d955d5a1f0 Uncommon trap: trap_request=0xffffffc6 fr.pc=0x000002d966941de4 relative=0x0000000000000fe4
Event: 2.991 Thread 0x000002d955d5a1f0 Uncommon trap: reason=bimorphic_or_optimized_type_check action=maybe_recompile pc=0x000002d966941de4 method=java.util.HashMap.putVal(ILjava/lang/Object;Ljava/lang/Object;ZZ)Ljava/lang/Object; @ 203 c2
Event: 2.991 Thread 0x000002d955d5a1f0 DEOPT PACKING pc=0x000002d966941de4 sp=0x000000f42e2fe350
Event: 2.991 Thread 0x000002d955d5a1f0 DEOPT UNPACKING pc=0x000002d95edc23a3 sp=0x000000f42e2fe260 mode 2
Event: 3.372 Thread 0x000002d955d5a1f0 DEOPT PACKING pc=0x000002d95f6eb988 sp=0x000000f42e2fd9f0
Event: 3.373 Thread 0x000002d955d5a1f0 DEOPT UNPACKING pc=0x000002d95edc2b43 sp=0x000000f42e2fcef8 mode 0

Classes unloaded (0 events):
No events

Classes redefined (0 events):
No events

Internal exceptions (20 events):
Event: 1.822 Thread 0x000002d955d5a1f0 Exception <a 'java/lang/NoSuchMethodError'{0x0000000088d04db8}: 'void java.lang.invoke.DirectMethodHandle$Holder.invokeStaticInit(java.lang.Object, java.lang.Object, java.lang.Object)'> (0x0000000088d04db8) 
thrown [t:\workspace\open\src\hotspot\share\interpreter\linkResolver.cpp, line 766]
Event: 1.838 Thread 0x000002d955d5a1f0 Exception <a 'java/lang/NoSuchMethodError'{0x0000000088d422f8}: 'java.lang.Object java.lang.invoke.DirectMethodHandle$Holder.invokeVirtual(java.lang.Object, java.lang.Object, java.lang.Object)'> (0x0000000088d422f8) 
thrown [t:\workspace\open\src\hotspot\share\interpreter\linkResolver.cpp, line 766]
Event: 1.843 Thread 0x000002d955d5a1f0 Exception <a 'java/lang/NoSuchMethodError'{0x0000000088d59f98}: 'java.lang.Object java.lang.invoke.DirectMethodHandle$Holder.invokeStatic(java.lang.Object, java.lang.Object, long, java.lang.Object)'> (0x0000000088d59f98) 
thrown [t:\workspace\open\src\hotspot\share\interpreter\linkResolver.cpp, line 766]
Event: 1.844 Thread 0x000002d955d5a1f0 Exception <a 'java/lang/NoSuchMethodError'{0x0000000088d5da30}: 'java.lang.Object java.lang.invoke.DirectMethodHandle$Holder.invokeStaticInit(java.lang.Object, java.lang.Object, long, java.lang.Object)'> (0x0000000088d5da30) 
thrown [t:\workspace\open\src\hotspot\share\interpreter\linkResolver.cpp, line 766]
Event: 1.846 Thread 0x000002d955d5a1f0 Exception <a 'java/lang/NoSuchMethodError'{0x0000000088d63d60}: 'java.lang.Object java.lang.invoke.DirectMethodHandle$Holder.newInvokeSpecial(java.lang.Object, java.lang.Object, long)'> (0x0000000088d63d60) 
thrown [t:\workspace\open\src\hotspot\share\interpreter\linkResolver.cpp, line 766]
Event: 1.847 Thread 0x000002d955d5a1f0 Exception <a 'java/lang/NoSuchMethodError'{0x0000000088d67b20}: 'java.lang.Object java.lang.invoke.Invokers$Holder.linkToTargetMethod(java.lang.Object, long, java.lang.Object)'> (0x0000000088d67b20) 
thrown [t:\workspace\open\src\hotspot\share\interpreter\linkResolver.cpp, line 766]
Event: 1.870 Thread 0x000002d955d5a1f0 Exception <a 'java/lang/NoSuchMethodError'{0x0000000088dba058}: 'void java.lang.invoke.DirectMethodHandle$Holder.invokeVirtual(java.lang.Object, java.lang.Object, java.lang.Object, java.lang.Object)'> (0x0000000088dba058) 
thrown [t:\workspace\open\src\hotspot\share\interpreter\linkResolver.cpp, line 766]
Event: 1.951 Thread 0x000002d955d5a1f0 Exception <a 'java/lang/NoSuchMethodError'{0x0000000088b1a590}: 'void java.lang.invoke.DirectMethodHandle$Holder.invokeSpecial(java.lang.Object, java.lang.Object, java.lang.Object)'> (0x0000000088b1a590) 
thrown [t:\workspace\open\src\hotspot\share\interpreter\linkResolver.cpp, line 766]
Event: 1.959 Thread 0x000002d955d5a1f0 Exception <a 'java/lang/IncompatibleClassChangeError'{0x0000000088b42478}: Found class java.lang.Object, but interface was expected> (0x0000000088b42478) 
thrown [t:\workspace\open\src\hotspot\share\interpreter\linkResolver.cpp, line 833]
Event: 1.965 Thread 0x000002d977417be0 Exception <a 'java/lang/NoClassDefFoundError'{0x0000000088b7e0a8}: jakarta/validation/Validation> (0x0000000088b7e0a8) 
thrown [t:\workspace\open\src\hotspot\share\classfile\systemDictionary.cpp, line 245]
Event: 2.463 Thread 0x000002d955d5a1f0 Exception <a 'sun/nio/fs/WindowsException'{0x0000000088bf22f8}> (0x0000000088bf22f8) 
thrown [t:\workspace\open\src\hotspot\share\prims\jni.cpp, line 516]
Event: 2.465 Thread 0x000002d955d5a1f0 Exception <a 'java/lang/NoSuchMethodError'{0x0000000088bf3bb8}: 'int java.lang.invoke.DirectMethodHandle$Holder.invokeSpecial(java.lang.Object, java.lang.Object, java.lang.Object, java.lang.Object, java.lang.Object)'> (0x0000000088bf3bb8) 
thrown [t:\workspace\open\src\hotspot\share\interpreter\linkResolver.cpp, line 766]
Event: 2.469 Thread 0x000002d955d5a1f0 Exception <a 'java/lang/NoSuchMethodError'{0x0000000088bfc8e8}: 'void java.lang.invoke.DirectMethodHandle$Holder.invokeVirtual(java.lang.Object, java.lang.Object)'> (0x0000000088bfc8e8) 
thrown [t:\workspace\open\src\hotspot\share\interpreter\linkResolver.cpp, line 766]
Event: 2.558 Thread 0x000002d977417be0 Exception <a 'java/lang/NoSuchMethodError'{0x00000000881054d8}: 'long java.lang.invoke.DirectMethodHandle$Holder.invokeSpecial(java.lang.Object, java.lang.Object)'> (0x00000000881054d8) 
thrown [t:\workspace\open\src\hotspot\share\interpreter\linkResolver.cpp, line 766]
Event: 2.561 Thread 0x000002d977417be0 Exception <a 'java/lang/NoSuchMethodError'{0x0000000088110328}: 'long java.lang.invoke.DirectMethodHandle$Holder.invokeStatic(java.lang.Object, java.lang.Object)'> (0x0000000088110328) 
thrown [t:\workspace\open\src\hotspot\share\interpreter\linkResolver.cpp, line 766]
Event: 2.561 Thread 0x000002d977417be0 Exception <a 'java/lang/NoSuchMethodError'{0x0000000088113928}: 'long java.lang.invoke.DirectMethodHandle$Holder.invokeStaticInit(java.lang.Object, java.lang.Object)'> (0x0000000088113928) 
thrown [t:\workspace\open\src\hotspot\share\interpreter\linkResolver.cpp, line 766]
Event: 2.564 Thread 0x000002d977417be0 Exception <a 'java/lang/NoSuchMethodError'{0x00000000881214d0}: 'long java.lang.invoke.DirectMethodHandle$Holder.invokeInterface(java.lang.Object, java.lang.Object)'> (0x00000000881214d0) 
thrown [t:\workspace\open\src\hotspot\share\interpreter\linkResolver.cpp, line 766]
Event: 2.564 Thread 0x000002d977417be0 Exception <a 'java/lang/IncompatibleClassChangeError'{0x0000000088124a60}: Found class java.lang.Object, but interface was expected> (0x0000000088124a60) 
thrown [t:\workspace\open\src\hotspot\share\interpreter\linkResolver.cpp, line 833]
Event: 2.589 Thread 0x000002d977417be0 Exception <a 'java/lang/NoSuchMethodError'{0x00000000880191c8}: 'java.lang.Object java.lang.invoke.DirectMethodHandle$Holder.invokeVirtual(java.lang.Object, java.lang.Object, java.lang.Object, java.lang.Object)'> (0x00000000880191c8) 
thrown [t:\workspace\open\src\hotspot\share\interpreter\linkResolver.cpp, line 766]
Event: 2.872 Thread 0x000002d955d5a1f0 Exception <a 'java/lang/IncompatibleClassChangeError'{0x00000000876c42c0}: Found class java.lang.Object, but interface was expected> (0x00000000876c42c0) 
thrown [t:\workspace\open\src\hotspot\share\interpreter\linkResolver.cpp, line 833]

VM Operations (20 events):
Event: 1.945 Executing VM operation: HandshakeAllThreads
Event: 1.945 Executing VM operation: HandshakeAllThreads done
Event: 2.034 Executing VM operation: G1CollectForAllocation
Event: 2.039 Executing VM operation: G1CollectForAllocation done
Event: 2.247 Executing VM operation: HandshakeAllThreads
Event: 2.247 Executing VM operation: HandshakeAllThreads done
Event: 2.342 Executing VM operation: HandshakeAllThreads
Event: 2.342 Executing VM operation: HandshakeAllThreads done
Event: 2.401 Executing VM operation: HandshakeAllThreads
Event: 2.401 Executing VM operation: HandshakeAllThreads done
Event: 2.418 Executing VM operation: HandshakeAllThreads
Event: 2.418 Executing VM operation: HandshakeAllThreads done
Event: 2.635 Executing VM operation: ICBufferFull
Event: 2.635 Executing VM operation: ICBufferFull done
Event: 2.675 Executing VM operation: HandshakeAllThreads
Event: 2.675 Executing VM operation: HandshakeAllThreads done
Event: 3.131 Executing VM operation: ICBufferFull
Event: 3.131 Executing VM operation: ICBufferFull done
Event: 3.143 Executing VM operation: G1CollectForAllocation
Event: 3.154 Executing VM operation: G1CollectForAllocation done

Events (20 events):
Event: 2.702 loading class javax/security/auth/callback/CallbackHandler done
Event: 2.703 loading class sun/security/provider/certpath/ldap/JdkLDAP
Event: 2.704 loading class sun/security/provider/certpath/ldap/JdkLDAP done
Event: 2.704 loading class sun/security/provider/certpath/ldap/JdkLDAP$ProviderService
Event: 2.704 loading class sun/security/provider/certpath/ldap/JdkLDAP$ProviderService done
Event: 2.705 loading class com/sun/security/sasl/Provider
Event: 2.705 loading class com/sun/security/sasl/Provider done
Event: 2.705 loading class com/sun/security/sasl/Provider$1
Event: 2.705 loading class com/sun/security/sasl/Provider$1 done
Event: 2.705 loading class com/sun/security/sasl/Provider$ProviderService
Event: 2.705 loading class com/sun/security/sasl/Provider$ProviderService done
Event: 2.708 Thread 0x000002d977417be0 Thread exited: 0x000002d977417be0
Event: 2.758 Thread 0x000002d9775ee510 Thread added: 0x000002d9775ee510
Event: 2.782 loading class javax/naming/ldap/LdapContext
Event: 2.782 loading class javax/naming/directory/DirContext
Event: 2.782 loading class javax/naming/directory/DirContext done
Event: 2.783 loading class javax/naming/ldap/LdapContext done
Event: 2.836 Thread 0x000002d9775ee510 Thread exited: 0x000002d9775ee510
Event: 3.178 loading class java/beans/PropertyVetoException
Event: 3.178 loading class java/beans/PropertyVetoException done


Dynamic libraries:
0x00007ff751dd0000 - 0x00007ff751de0000 	C:\Program Files\Java\jdk-17.0.2\bin\java.exe
0x00007ffa610b0000 - 0x00007ffa612a8000 	C:\WINDOWS\SYSTEM32\ntdll.dll
0x00007ffa5f620000 - 0x00007ffa5f6dd000 	C:\WINDOWS\System32\KERNEL32.DLL
0x00007ffa5ec90000 - 0x00007ffa5ef86000 	C:\WINDOWS\System32\KERNELBASE.dll
0x00007ffa5e760000 - 0x00007ffa5e860000 	C:\WINDOWS\System32\ucrtbase.dll
0x00007ffa3a9c0000 - 0x00007ffa3a9da000 	C:\Program Files\Java\jdk-17.0.2\bin\VCRUNTIME140.dll
0x00007ffa3a5f0000 - 0x00007ffa3a608000 	C:\Program Files\Java\jdk-17.0.2\bin\jli.dll
0x00007ffa607d0000 - 0x00007ffa60880000 	C:\WINDOWS\System32\ADVAPI32.dll
0x00007ffa5f840000 - 0x00007ffa5f8de000 	C:\WINDOWS\System32\msvcrt.dll
0x00007ffa60260000 - 0x00007ffa60300000 	C:\WINDOWS\System32\sechost.dll
0x00007ffa5f0e0000 - 0x00007ffa5f205000 	C:\WINDOWS\System32\RPCRT4.dll
0x00007ffa5e890000 - 0x00007ffa5e8b7000 	C:\WINDOWS\System32\bcrypt.dll
0x00007ffa5f270000 - 0x00007ffa5f40e000 	C:\WINDOWS\System32\USER32.dll
0x00007ffa5dc40000 - 0x00007ffa5deda000 	C:\WINDOWS\WinSxS\amd64_microsoft.windows.common-controls_6595b64144ccf1df_6.0.19041.3636_none_60b6a03d71f818d5\COMCTL32.dll
0x00007ffa5e860000 - 0x00007ffa5e882000 	C:\WINDOWS\System32\win32u.dll
0x00007ffa60e60000 - 0x00007ffa60e8b000 	C:\WINDOWS\System32\GDI32.dll
0x00007ffa5eb70000 - 0x00007ffa5ec87000 	C:\WINDOWS\System32\gdi32full.dll
0x00007ffa5e8c0000 - 0x00007ffa5e95d000 	C:\WINDOWS\System32\msvcp_win.dll
0x00007ffa5b440000 - 0x00007ffa5b44a000 	C:\WINDOWS\SYSTEM32\VERSION.dll
0x00007ffa60050000 - 0x00007ffa60082000 	C:\WINDOWS\System32\IMM32.DLL
0x00007ffa49040000 - 0x00007ffa4904c000 	C:\Program Files\Java\jdk-17.0.2\bin\vcruntime140_1.dll
0x00007ffa2ac70000 - 0x00007ffa2acfd000 	C:\Program Files\Java\jdk-17.0.2\bin\msvcp140.dll
0x00007ff9f4950000 - 0x00007ff9f5511000 	C:\Program Files\Java\jdk-17.0.2\bin\server\jvm.dll
0x00007ffa60e90000 - 0x00007ffa60e98000 	C:\WINDOWS\System32\PSAPI.DLL
0x00007ffa5c700000 - 0x00007ffa5c709000 	C:\WINDOWS\SYSTEM32\WSOCK32.dll
0x00007ffa5c5d0000 - 0x00007ffa5c5f7000 	C:\WINDOWS\SYSTEM32\WINMM.dll
0x00007ffa60880000 - 0x00007ffa608eb000 	C:\WINDOWS\System32\ws2_32.DLL
0x00007ffa5b7d0000 - 0x00007ffa5b7e2000 	C:\WINDOWS\SYSTEM32\kernel.appcore.dll
0x00007ffa48490000 - 0x00007ffa4849a000 	C:\Program Files\Java\jdk-17.0.2\bin\jimage.dll
0x00007ffa5e1c0000 - 0x00007ffa5e3a4000 	C:\WINDOWS\SYSTEM32\DBGHELP.DLL
0x00007ffa5e0b0000 - 0x00007ffa5e0e4000 	C:\WINDOWS\SYSTEM32\dbgcore.DLL
0x00007ffa5ef90000 - 0x00007ffa5f012000 	C:\WINDOWS\System32\bcryptPrimitives.dll
0x00007ffa57b90000 - 0x00007ffa57b9e000 	C:\Program Files\Java\jdk-17.0.2\bin\instrument.dll
0x00007ffa3a2d0000 - 0x00007ffa3a2f5000 	C:\Program Files\Java\jdk-17.0.2\bin\java.dll
0x00007ffa10d70000 - 0x00007ffa10e46000 	C:\Program Files\Java\jdk-17.0.2\bin\jsvml.dll
0x00007ffa5f8e0000 - 0x00007ffa6004b000 	C:\WINDOWS\System32\SHELL32.dll
0x00007ffa5b9d0000 - 0x00007ffa5c16e000 	C:\WINDOWS\SYSTEM32\windows.storage.dll
0x00007ffa60b00000 - 0x00007ffa60e53000 	C:\WINDOWS\System32\combase.dll
0x00007ffa5d9b0000 - 0x00007ffa5d9de000 	C:\WINDOWS\SYSTEM32\Wldp.dll
0x00007ffa60a30000 - 0x00007ffa60afd000 	C:\WINDOWS\System32\OLEAUT32.dll
0x00007ffa60fc0000 - 0x00007ffa6106d000 	C:\WINDOWS\System32\SHCORE.dll
0x00007ffa5f760000 - 0x00007ffa5f7b5000 	C:\WINDOWS\System32\shlwapi.dll
0x00007ffa5e690000 - 0x00007ffa5e6b5000 	C:\WINDOWS\SYSTEM32\profapi.dll
0x00007ffa34ce0000 - 0x00007ffa34cf8000 	C:\Program Files\Java\jdk-17.0.2\bin\zip.dll
0x00007ffa39c70000 - 0x00007ffa39c89000 	C:\Program Files\Java\jdk-17.0.2\bin\net.dll
0x00007ffa543b0000 - 0x00007ffa544ba000 	C:\WINDOWS\SYSTEM32\WINHTTP.dll
0x00007ffa5d790000 - 0x00007ffa5d7fa000 	C:\WINDOWS\system32\mswsock.dll
0x00007ffa39c50000 - 0x00007ffa39c66000 	C:\Program Files\Java\jdk-17.0.2\bin\nio.dll
0x00007ffa546d0000 - 0x00007ffa546ea000 	C:\Program Files\JetBrains\IntelliJ IDEA Community Edition 2023.3.4\bin\breakgen64.dll
0x00007ffa5d4a0000 - 0x00007ffa5d4db000 	C:\WINDOWS\SYSTEM32\IPHLPAPI.DLL
0x00007ffa60240000 - 0x00007ffa60248000 	C:\WINDOWS\System32\NSI.dll
0x00007ffa56770000 - 0x00007ffa56787000 	C:\WINDOWS\SYSTEM32\dhcpcsvc6.DLL
0x00007ffa56590000 - 0x00007ffa565ad000 	C:\WINDOWS\SYSTEM32\dhcpcsvc.DLL
0x00007ffa5d4e0000 - 0x00007ffa5d5ab000 	C:\WINDOWS\SYSTEM32\DNSAPI.dll
0x00007ffa4b3e0000 - 0x00007ffa4b3ea000 	C:\Windows\System32\rasadhlp.dll
0x00007ffa4c260000 - 0x00007ffa4c2e0000 	C:\WINDOWS\System32\fwpuclnt.dll
0x00007ffa568c0000 - 0x00007ffa568ce000 	C:\Program Files\Java\jdk-17.0.2\bin\sunmscapi.dll
0x00007ffa5ea10000 - 0x00007ffa5eb6d000 	C:\WINDOWS\System32\CRYPT32.dll
0x00007ffa5db00000 - 0x00007ffa5db28000 	C:\WINDOWS\SYSTEM32\ncrypt.dll
0x00007ffa5dac0000 - 0x00007ffa5dafb000 	C:\WINDOWS\SYSTEM32\NTASN1.dll

dbghelp: loaded successfully - version: 4.0.5 - missing functions: none
symbol engine: initialized successfully - sym options: 0x614 - pdb path: .;C:\Program Files\Java\jdk-17.0.2\bin;C:\WINDOWS\SYSTEM32;C:\WINDOWS\WinSxS\amd64_microsoft.windows.common-controls_6595b64144ccf1df_6.0.19041.3636_none_60b6a03d71f818d5;C:\Program Files\Java\jdk-17.0.2\bin\server;C:\Program Files\JetBrains\IntelliJ IDEA Community Edition 2023.3.4\bin

VM Arguments:
jvm_args: -javaagent:C:\Program Files\JetBrains\IntelliJ IDEA Community Edition 2023.3.4\lib\idea_rt.jar=57860:C:\Program Files\JetBrains\IntelliJ IDEA Community Edition 2023.3.4\bin -Dfile.encoding=UTF-8 
java_command: com.project.idp.IdpApplication
java_class_path (initial): C:\Users\Acer\Desktop\Leave Tracker System\idp\target\classes;C:\Users\Acer\.m2\repository\org\springframework\boot\spring-boot-starter-data-jpa\3.2.4\spring-boot-starter-data-jpa-3.2.4.jar;C:\Users\Acer\.m2\repository\org\springframework\boot\spring-boot-starter-aop\3.2.4\spring-boot-starter-aop-3.2.4.jar;C:\Users\Acer\.m2\repository\org\aspectj\aspectjweaver\1.9.21\aspectjweaver-1.9.21.jar;C:\Users\Acer\.m2\repository\org\springframework\boot\spring-boot-starter-jdbc\3.2.4\spring-boot-starter-jdbc-3.2.4.jar;C:\Users\Acer\.m2\repository\com\zaxxer\HikariCP\5.0.1\HikariCP-5.0.1.jar;C:\Users\Acer\.m2\repository\org\springframework\spring-jdbc\6.1.5\spring-jdbc-6.1.5.jar;C:\Users\Acer\.m2\repository\org\hibernate\orm\hibernate-core\6.4.4.Final\hibernate-core-6.4.4.Final.jar;C:\Users\Acer\.m2\repository\jakarta\persistence\jakarta.persistence-api\3.1.0\jakarta.persistence-api-3.1.0.jar;C:\Users\Acer\.m2\repository\jakarta\transaction\jakarta.transaction-api\2.0.1\jakarta.transaction-api-2.0.1.jar;C:\Users\Acer\.m2\repository\org\jboss\logging\jboss-logging\3.5.3.Final\jboss-logging-3.5.3.Final.jar;C:\Users\Acer\.m2\repository\org\hibernate\common\hibernate-commons-annotations\6.0.6.Final\hibernate-commons-annotations-6.0.6.Final.jar;C:\Users\Acer\.m2\repository\io\smallrye\jandex\3.1.2\jandex-3.1.2.jar;C:\Users\Acer\.m2\repository\com\fasterxml\classmate\1.6.0\classmate-1.6.0.jar;C:\Users\Acer\.m2\repository\net\bytebuddy\byte-buddy\1.14.12\byte-buddy-1.14.12.jar;C:\Users\Acer\.m2\repository\org\glassfish\jaxb\jaxb-runtime\4.0.5\jaxb-runtime-4.0.5.jar;C:\Users\Acer\.m2\repository\org\glassfish\jaxb\jaxb-core\4.0.5\jaxb-core-4.0.5.jar;C:\Users\Acer\.m2\repository\org\eclipse\angus\angus-activation\2.0.2\angus-activation-2.0.2.jar;C:\Users\Acer\.m2\repository\org\glassfish\jaxb\txw2\4.0.5\txw2-4.0.5.jar;C:\Users\Acer\.m2\repository\com\sun\istack\istack-commons-runtime\4.1.2\istack-commons-runtime-4.1.2.jar;C:\Users\Acer\.m2\repository\jakart
Launcher Type: SUN_STANDARD

[Global flags]
     intx CICompilerCount                          = 3                                         {product} {ergonomic}
     uint ConcGCThreads                            = 1                                         {product} {ergonomic}
     uint G1ConcRefinementThreads                  = 4                                         {product} {ergonomic}
   size_t G1HeapRegionSize                         = 1048576                                   {product} {ergonomic}
    uintx GCDrainStackTargetSize                   = 64                                        {product} {ergonomic}
   size_t InitialHeapSize                          = 132120576                                 {product} {ergonomic}
   size_t MarkStackSize                            = 4194304                                   {product} {ergonomic}
   size_t MaxHeapSize                              = 2113929216                                {product} {ergonomic}
   size_t MaxNewSize                               = 1267728384                                {product} {ergonomic}
   size_t MinHeapDeltaBytes                        = 1048576                                   {product} {ergonomic}
   size_t MinHeapSize                              = 8388608                                   {product} {ergonomic}
    uintx NonNMethodCodeHeapSize                   = 5832780                                {pd product} {ergonomic}
    uintx NonProfiledCodeHeapSize                  = 122912730                              {pd product} {ergonomic}
    uintx ProfiledCodeHeapSize                     = 122912730                              {pd product} {ergonomic}
    uintx ReservedCodeCacheSize                    = 251658240                              {pd product} {ergonomic}
     bool SegmentedCodeCache                       = true                                      {product} {ergonomic}
   size_t SoftMaxHeapSize                          = 2113929216                             {manageable} {ergonomic}
     bool UseCompressedClassPointers               = true                           {product lp64_product} {ergonomic}
     bool UseCompressedOops                        = true                           {product lp64_product} {ergonomic}
     bool UseG1GC                                  = true                                      {product} {ergonomic}
     bool UseLargePagesIndividualAllocation        = false                                  {pd product} {ergonomic}

Logging:
Log output configuration:
 #0: stdout all=warning uptime,level,tags
 #1: stderr all=off uptime,level,tags

Environment Variables:
PATH=C:\Program Files\Java\jdk-17.0.2\bin;C:\WINDOWS\system32;C:\WINDOWS;C:\WINDOWS\System32\Wbem;C:\WINDOWS\System32\WindowsPowerShell\v1.0\;C:\WINDOWS\System32\OpenSSH\;C:\ProgramData\chocolatey\bin;C:\Program Files\Git\cmd;C:\Program Files\Docker\Docker\resources\bin;C:\ProgramData\chocolatey\lib\maven\apache-maven-3.9.6\bin;C:\Users\Acer\AppData\Local\Microsoft\WindowsApps;;C:\Program Files\JetBrains\IntelliJ IDEA 2023.3.4\bin;;C:\Program Files\JetBrains\IntelliJ IDEA Community Edition 2023.3.4\bin;
USERNAME=Acer
OS=Windows_NT
PROCESSOR_IDENTIFIER=Intel64 Family 6 Model 142 Stepping 9, GenuineIntel



---------------  S Y S T E M  ---------------

OS:
 Windows 10 , 64 bit Build 19041 (10.0.19041.3636)
OS uptime: 7 days 3:55 hours
Hyper-V role detected

CPU: total 4 (initial active 4) (2 cores per cpu, 2 threads per core) family 6 model 142 stepping 9 microcode 0xb4, cx8, cmov, fxsr, ht, mmx, 3dnowpref, sse, sse2, sse3, ssse3, sse4.1, sse4.2, popcnt, lzcnt, tsc, tscinvbit, avx, avx2, aes, erms, clmul, bmi1, bmi2, adx, fma, vzeroupper, clflush, clflushopt, hv

Memory: 4k page, system-wide physical 8060M (1183M free)
TotalPageFile size 12694M (AvailPageFile size 2018M)
current process WorkingSet (physical memory assigned to process): 160M, peak: 166M
current process commit charge ("private bytes"): 261M, peak: 267M

vm_info: Java HotSpot(TM) 64-Bit Server VM (17.0.2+8-LTS-86) for windows-amd64 JRE (17.0.2+8-LTS-86), built on Dec  7 2021 21:51:03 by "mach5one" with MS VC++ 16.8 / 16.9 (VS2019)

END.
